Initial ruler setup - origin: QPoint(-918,-788) zoom: 1
setCurrentTool called with tool: LegacySelectTool(0x7fea6b69a450)
Activating new tool: LegacySelectTool(0x7fea6b69a450)
activateSelectionTool called
Connecting selectionChanged signal
MainWindow initialized, default tool already set
setCurrentTool called with tool: LegacyRectangleTool(0x7fea6b6a2b40)
Deactivating current tool: LegacySelectTool(0x7fea6b69a450)
Activating new tool: LegacyRectangleTool(0x7fea6b6a2b40)
setCurrentTool called with tool: LegacyEllipseTool(0x7fea6b667060)
Deactivating current tool: LegacyRectangleTool(0x7fea6b6a2b40)
Activating new tool: LegacyEllipseTool(0x7fea6b667060)
setCurrentTool called with tool: LegacySelectTool(0x7fea6b69a450)
Deactivating current tool: LegacyEllipseTool(0x7fea6b667060)
Activating new tool: LegacySelectTool(0x7fea6b69a450)
activateSelectionTool called
Connecting selectionChanged signal
Clicked on empty area, clearing selection
onSelectionChanged called
updateSelection called, total selected items: 1
Found selected shape: QGraphicsItem(0x7fea6b2e83c0, pos=466,307, flags=(ItemIsMovable|ItemIsSelectable|ItemSendsGeometryChanges))
Total DrawingShape objects selected: 1
Enabling edit handles for shape: QGraphicsItem(0x7fea6b2e83c0, pos=466,307, flags=(ItemIsMovable|ItemIsSelectable|ItemSendsGeometryChanges)) type: 65536 in scene: yes
Created EditHandleManager for shape: QGraphicsItem(0x7fea6b2e83c0, pos=466,307, flags=(ItemIsMovable|ItemIsSelectable|ItemSendsGeometryChanges))
Creating handles for DrawingShape: QGraphicsItem(0x7fea6b2e83c0, pos=466,307, flags=(ItemIsMovable|ItemIsSelectable|ItemSendsGeometryChanges))
Creating handles, parent: QGraphicsItem(0x7fea6b2e83c0, pos=466,307, flags=(ItemIsMovable|ItemIsSelectable|ItemSendsGeometryChanges)) scene: DrawingScene(0x7fea6a754710)
Created 9 handles
Edit handles enabled, handle count: 9
onSelectionChanged called
updateSelection called, total selected items: 2
Found selected shape: QGraphicsItem(0x7fea6b2e83c0, pos=466,307, flags=(ItemIsMovable|ItemIsSelectable|ItemSendsGeometryChanges))
Found selected shape: QGraphicsItem(0x7fea6b0be6d0, pos=479,388, flags=(ItemIsMovable|ItemIsSelectable|ItemSendsGeometryChanges))
Total DrawingShape objects selected: 2
Enabling edit handles for shape: QGraphicsItem(0x7fea6b0be6d0, pos=479,388, flags=(ItemIsMovable|ItemIsSelectable|ItemSendsGeometryChanges)) type: 65536 in scene: yes
Created EditHandleManager for shape: QGraphicsItem(0x7fea6b0be6d0, pos=479,388, flags=(ItemIsMovable|ItemIsSelectable|ItemSendsGeometryChanges))
Creating handles for DrawingShape: QGraphicsItem(0x7fea6b0be6d0, pos=479,388, flags=(ItemIsMovable|ItemIsSelectable|ItemSendsGeometryChanges))
Creating handles, parent: QGraphicsItem(0x7fea6b0be6d0, pos=479,388, flags=(ItemIsMovable|ItemIsSelectable|ItemSendsGeometryChanges)) scene: DrawingScene(0x7fea6a754710)
Created 9 handles
Edit handles enabled, handle count: 9
onSelectionChanged called
updateSelection called, total selected items: 1
Found selected shape: QGraphicsItem(0x7fea6b0be6d0, pos=479,388, flags=(ItemIsMovable|ItemIsSelectable|ItemSendsGeometryChanges))
Total DrawingShape objects selected: 1
onSelectionChanged called
updateSelection called, total selected items: 0
Total DrawingShape objects selected: 0
onSelectionChanged called
updateSelection called, total selected items: 1
Found selected shape: QGraphicsItem(0x7fea6b0c12d0, pos=0,0, flags=(ItemIsMovable|ItemIsSelectable|ItemSendsGeometryChanges))
Total DrawingShape objects selected: 1
Disabling edit handles for shape: QGraphicsItem(0x7fea6b0be6d0, parent=0x7fea6b0c12d0, pos=479,388, flags=(ItemIsMovable|ItemIsSelectable|ItemSendsGeometryChanges)) type: 65536
Disabling edit handles for shape: QGraphicsItem(0x7fea6b2e83c0, parent=0x7fea6b0c12d0, pos=466,307, flags=(ItemIsMovable|ItemIsSelectable|ItemSendsGeometryChanges)) type: 65536
Enabling edit handles for shape: QGraphicsItem(0x7fea6b0c12d0, pos=0,0, flags=(ItemIsMovable|ItemIsSelectable|ItemSendsGeometryChanges)) type: 10 in scene: yes
